[2020-12-12 17:49:22.017] [renderer1] [error] EACCES: permission denied, open '/usr/lib/code/extensions/python/package.json': Error: EACCES: permission denied, open '/usr/lib/code/extensions/python/package.json'
[2020-12-12 17:52:00.168] [renderer1] [error] EACCES: permission denied, open '/usr/lib/code/extensions/json-language-features/package.json': Error: EACCES: permission denied, open '/usr/lib/code/extensions/json-language-features/package.json'
[2020-12-12 17:52:00.170] [renderer1] [error] EACCES: permission denied, open '/usr/lib/code/extensions/json/package.json': Error: EACCES: permission denied, open '/usr/lib/code/extensions/json/package.json'
[2020-12-12 17:52:00.170] [renderer1] [error] EACCES: permission denied, open '/usr/lib/code/extensions/html/package.json': Error: EACCES: permission denied, open '/usr/lib/code/extensions/html/package.json'
[2020-12-12 17:52:00.170] [renderer1] [error] EACCES: permission denied, open '/usr/lib/code/extensions/css/package.json': Error: EACCES: permission denied, open '/usr/lib/code/extensions/css/package.json'
[2020-12-12 17:52:00.171] [renderer1] [error] EACCES: permission denied, open '/usr/lib/code/extensions/cpp/package.json': Error: EACCES: permission denied, open '/usr/lib/code/extensions/cpp/package.json'
[2020-12-12 17:52:00.171] [renderer1] [error] EACCES: permission denied, open '/usr/lib/code/extensions/yaml/package.json': Error: EACCES: permission denied, open '/usr/lib/code/extensions/yaml/package.json'
[2020-12-12 17:52:00.171] [renderer1] [error] EACCES: permission denied, open '/usr/lib/code/extensions/shellscript/package.json': Error: EACCES: permission denied, open '/usr/lib/code/extensions/shellscript/package.json'
[2020-12-12 17:52:00.171] [renderer1] [error] EACCES: permission denied, open '/usr/lib/code/extensions/xml/package.json': Error: EACCES: permission denied, open '/usr/lib/code/extensions/xml/package.json'
[2020-12-12 17:52:00.172] [renderer1] [error] EACCES: permission denied, open '/usr/lib/code/extensions/html-language-features/package.json': Error: EACCES: permission denied, open '/usr/lib/code/extensions/html-language-features/package.json'
[2020-12-12 17:52:00.172] [renderer1] [error] EACCES: permission denied, open '/usr/lib/code/extensions/markdown-basics/package.json': Error: EACCES: permission denied, open '/usr/lib/code/extensions/markdown-basics/package.json'
[2020-12-12 17:52:00.172] [renderer1] [error] EACCES: permission denied, open '/usr/lib/code/extensions/merge-conflict/package.json': Error: EACCES: permission denied, open '/usr/lib/code/extensions/merge-conflict/package.json'
[2020-12-12 17:52:00.172] [renderer1] [error] EACCES: permission denied, open '/usr/lib/code/extensions/typescript-basics/package.json': Error: EACCES: permission denied, open '/usr/lib/code/extensions/typescript-basics/package.json'
[2020-12-12 17:52:00.172] [renderer1] [error] EACCES: permission denied, open '/usr/lib/code/extensions/python/package.json': Error: EACCES: permission denied, open '/usr/lib/code/extensions/python/package.json'
[2020-12-12 17:52:00.173] [renderer1] [error] EACCES: permission denied, open '/usr/lib/code/extensions/docker/package.json': Error: EACCES: permission denied, open '/usr/lib/code/extensions/docker/package.json'
[2020-12-12 17:52:00.173] [renderer1] [error] EACCES: permission denied, open '/usr/lib/code/extensions/java/package.json': Error: EACCES: permission denied, open '/usr/lib/code/extensions/java/package.json'
[2020-12-12 17:52:00.173] [renderer1] [error] EACCES: permission denied, open '/usr/lib/code/extensions/markdown-language-features/package.json': Error: EACCES: permission denied, open '/usr/lib/code/extensions/markdown-language-features/package.json'
[2020-12-12 17:52:00.173] [renderer1] [error] EACCES: permission denied, open '/usr/lib/code/extensions/javascript/package.json': Error: EACCES: permission denied, open '/usr/lib/code/extensions/javascript/package.json'
[2020-12-12 17:52:00.173] [renderer1] [error] EACCES: permission denied, open '/usr/lib/code/extensions/make/package.json': Error: EACCES: permission denied, open '/usr/lib/code/extensions/make/package.json'
[2020-12-12 17:52:00.173] [renderer1] [error] EACCES: permission denied, open '/usr/lib/code/extensions/sql/package.json': Error: EACCES: permission denied, open '/usr/lib/code/extensions/sql/package.json'
[2020-12-12 17:52:00.174] [renderer1] [error] EACCES: permission denied, open '/usr/lib/code/extensions/log/package.json': Error: EACCES: permission denied, open '/usr/lib/code/extensions/log/package.json'
[2020-12-12 17:52:00.174] [renderer1] [error] EACCES: permission denied, open '/usr/lib/code/extensions/configuration-editing/package.json': Error: EACCES: permission denied, open '/usr/lib/code/extensions/configuration-editing/package.json'
[2020-12-12 17:52:00.174] [renderer1] [error] EACCES: permission denied, open '/usr/lib/code/extensions/theme-monokai/package.json': Error: EACCES: permission denied, open '/usr/lib/code/extensions/theme-monokai/package.json'
[2020-12-12 17:52:00.174] [renderer1] [error] EACCES: permission denied, open '/usr/lib/code/extensions/debug-auto-launch/package.json': Error: EACCES: permission denied, open '/usr/lib/code/extensions/debug-auto-launch/package.json'
[2020-12-12 17:52:00.174] [renderer1] [error] EACCES: permission denied, open '/usr/lib/code/extensions/theme-defaults/package.json': Error: EACCES: permission denied, open '/usr/lib/code/extensions/theme-defaults/package.json'
[2020-12-12 17:52:00.174] [renderer1] [error] EACCES: permission denied, open '/usr/lib/code/extensions/theme-tomorrow-night-blue/package.json': Error: EACCES: permission denied, open '/usr/lib/code/extensions/theme-tomorrow-night-blue/package.json'
[2020-12-12 17:52:00.174] [renderer1] [error] EACCES: permission denied, open '/usr/lib/code/extensions/theme-solarized-dark/package.json': Error: EACCES: permission denied, open '/usr/lib/code/extensions/theme-solarized-dark/package.json'
[2020-12-12 17:52:00.174] [renderer1] [error] EACCES: permission denied, open '/usr/lib/code/extensions/less/package.json': Error: EACCES: permission denied, open '/usr/lib/code/extensions/less/package.json'
[2020-12-12 17:52:00.175] [renderer1] [error] EACCES: permission denied, open '/usr/lib/code/extensions/typescript-language-features/package.json': Error: EACCES: permission denied, open '/usr/lib/code/extensions/typescript-language-features/package.json'
[2020-12-12 17:52:00.175] [renderer1] [error] EACCES: permission denied, open '/usr/lib/code/extensions/theme-red/package.json': Error: EACCES: permission denied, open '/usr/lib/code/extensions/theme-red/package.json'
[2020-12-12 17:52:00.175] [renderer1] [error] EACCES: permission denied, open '/usr/lib/code/extensions/theme-abyss/package.json': Error: EACCES: permission denied, open '/usr/lib/code/extensions/theme-abyss/package.json'
[2020-12-12 17:52:00.175] [renderer1] [error] EACCES: permission denied, open '/usr/lib/code/extensions/theme-kimbie-dark/package.json': Error: EACCES: permission denied, open '/usr/lib/code/extensions/theme-kimbie-dark/package.json'
[2020-12-12 17:52:00.175] [renderer1] [error] EACCES: permission denied, open '/usr/lib/code/extensions/theme-quietlight/package.json': Error: EACCES: permission denied, open '/usr/lib/code/extensions/theme-quietlight/package.json'
[2020-12-12 17:52:00.175] [renderer1] [error] EACCES: permission denied, open '/usr/lib/code/extensions/powershell/package.json': Error: EACCES: permission denied, open '/usr/lib/code/extensions/powershell/package.json'
[2020-12-12 17:52:00.175] [renderer1] [error] EACCES: permission denied, open '/usr/lib/code/extensions/handlebars/package.json': Error: EACCES: permission denied, open '/usr/lib/code/extensions/handlebars/package.json'
[2020-12-12 17:52:00.175] [renderer1] [error] EACCES: permission denied, open '/usr/lib/code/extensions/go/package.json': Error: EACCES: permission denied, open '/usr/lib/code/extensions/go/package.json'
[2020-12-12 17:52:00.176] [renderer1] [error] EACCES: permission denied, open '/usr/lib/code/extensions/bat/package.json': Error: EACCES: permission denied, open '/usr/lib/code/extensions/bat/package.json'
[2020-12-12 17:52:00.176] [renderer1] [error] EACCES: permission denied, open '/usr/lib/code/extensions/theme-monokai-dimmed/package.json': Error: EACCES: permission denied, open '/usr/lib/code/extensions/theme-monokai-dimmed/package.json'
[2020-12-12 17:52:00.176] [renderer1] [error] EACCES: permission denied, open '/usr/lib/code/extensions/theme-seti/package.json': Error: EACCES: permission denied, open '/usr/lib/code/extensions/theme-seti/package.json'
[2020-12-12 17:52:00.176] [renderer1] [error] EACCES: permission denied, open '/usr/lib/code/extensions/scss/package.json': Error: EACCES: permission denied, open '/usr/lib/code/extensions/scss/package.json'
[2020-12-12 17:52:00.176] [renderer1] [error] EACCES: permission denied, open '/usr/lib/code/extensions/clojure/package.json': Error: EACCES: permission denied, open '/usr/lib/code/extensions/clojure/package.json'
[2020-12-12 17:52:00.176] [renderer1] [error] EACCES: permission denied, open '/usr/lib/code/extensions/npm/package.json': Error: EACCES: permission denied, open '/usr/lib/code/extensions/npm/package.json'
[2020-12-12 17:52:00.176] [renderer1] [error] EACCES: permission denied, open '/usr/lib/code/extensions/groovy/package.json': Error: EACCES: permission denied, open '/usr/lib/code/extensions/groovy/package.json'
[2020-12-12 17:52:00.176] [renderer1] [error] EACCES: permission denied, open '/usr/lib/code/extensions/perl/package.json': Error: EACCES: permission denied, open '/usr/lib/code/extensions/perl/package.json'
[2020-12-12 17:52:00.177] [renderer1] [error] EACCES: permission denied, open '/usr/lib/code/extensions/coffeescript/package.json': Error: EACCES: permission denied, open '/usr/lib/code/extensions/coffeescript/package.json'
[2020-12-12 17:55:18.944] [renderer1] [error] ENOENT: no such file or directory, open '/home/heruma/.config/Code - OSS/User/globalStorage/vscodevim.vim/.registers': Error: ENOENT: no such file or directory, open '/home/heruma/.config/Code - OSS/User/globalStorage/vscodevim.vim/.registers'
